\BOOKMARK [0][-]{chapter.1}{Lecture Notes in Computer Science}{}% 1
\BOOKMARK [1][-]{section.1.1}{Introduction}{chapter.1}% 2
\BOOKMARK [2][-]{subsection.1.1.1}{Example}{section.1.1}% 3
\BOOKMARK [2][-]{subsection.1.1.2}{Contributions}{section.1.1}% 4
\BOOKMARK [1][-]{section.1.2}{Encoding in a Verifier}{chapter.1}% 5
\BOOKMARK [2][-]{subsection.1.2.1}{Angelic Allocation}{section.1.2}% 6
\BOOKMARK [2][-]{subsection.1.2.2}{Heap Equality}{section.1.2}% 7
\BOOKMARK [2][-]{subsection.1.2.3}{Procedure Call}{section.1.2}% 8
\BOOKMARK [1][-]{section.1.3}{Soundness of RIE}{chapter.1}% 9
\BOOKMARK [2][-]{subsection.1.3.1}{Semantics of L}{section.1.3}% 10
\BOOKMARK [2][-]{subsection.1.3.2}{Isomorphism}{section.1.3}% 11
\BOOKMARK [2][-]{subsection.1.3.3}{Regional Isomorphism}{section.1.3}% 12
\BOOKMARK [2][-]{subsection.1.3.4}{Procedure Equivalence}{section.1.3}% 13
\BOOKMARK [2][-]{subsection.1.3.5}{Angelic Allocation}{section.1.3}% 14
\BOOKMARK [2][-]{subsection.1.3.6}{Mutual Summaries of Equivalent Procedures}{section.1.3}% 15
\BOOKMARK [2][-]{subsection.1.3.7}{Soundness of RIE}{section.1.3}% 16
\BOOKMARK [1][-]{section.1.4}{Discussion}{chapter.1}% 17
\BOOKMARK [2][-]{subsection.1.4.1}{Definitions of Isomorphism and Procedure Equivalence}{section.1.4}% 18
\BOOKMARK [2][-]{subsection.1.4.2}{Reachability}{section.1.4}% 19
\BOOKMARK [1][-]{section.1.5}{Related Work and Conclusions}{chapter.1}% 20
\BOOKMARK [2][-]{subsection.1.5.1}{Fully Automatic Equivalence Verification Tools}{section.1.5}% 21
\BOOKMARK [2][-]{subsection.1.5.2}{Conclusion}{section.1.5}% 22
